<?xml version="1.0" encoding="UTF-8"?>
<!-- Generated by org.testng.reporters.JUnitReportReporter -->
<testsuite hostname="DESKTOP-9TSO38K" failures="0" tests="1" name="com.gigsberg.regression.TC_Concerts_Regression" time="1.653" errors="0" timestamp="12 Oct 2022 07:21:44 GMT" skipped="0">
  <testcase classname="com.gigsberg.regression.TC_Concerts_Regression" name="Voucher_TC001_Buy_With_Empty_Data" time="1.653"/>
</testsuite> <!-- com.gigsberg.regression.TC_Concerts_Regression -->
