<?xml version="1.0" encoding="UTF-8"?>
<!-- Generated by org.testng.reporters.JUnitReportReporter -->
<testsuite hostname="DESKTOP-9TSO38K" failures="0" tests="1" name="com.gigsberg.regression.templateTestcase" time="0.118" errors="0" timestamp="12 Oct 2022 02:48:29 GMT" skipped="0">
  <testcase classname="com.gigsberg.regression.templateTestcase" name="Voucher_TC001_Buy_With_Empty_Data" time="0.118"/>
</testsuite> <!-- com.gigsberg.regression.templateTestcase -->
